2015-12-22 00:00:19,057 INFO SimpleLoggingTest [Test worker] Hello World 
2015-12-22 00:00:19,066 INFO c.t.Resolver [Test worker] resolving 'com.toyioc.concreteClass.withOneConcreteConstructorArg' 
2015-12-22 00:00:19,066 INFO c.t.Resolver [Test worker] no default constructor 
2015-12-22 00:00:19,067 INFO c.t.Resolver [Test worker] resolving 'com.toyioc.concreteClass.withDefaultConstructor' 
2015-12-22 00:00:19,067 INFO c.t.Resolver [Test worker] resolved 'com.toyioc.concreteClass.withOneConcreteConstructorArg' using 'public com.toyioc.concreteClass.withOneConcreteConstructorArg(com.toyioc.concreteClass.withDefaultConstructor)' 
2015-12-22 00:00:19,070 INFO c.t.Resolver [Test worker] resolving 'com.toyioc.concreteClass.withMultipleConcreteConstructorArgs' 
2015-12-22 00:00:19,070 INFO c.t.Resolver [Test worker] no default constructor 
2015-12-22 00:00:19,070 INFO c.t.Resolver [Test worker] resolving 'com.toyioc.concreteClass.withDefaultConstructor' 
2015-12-22 00:00:19,070 INFO c.t.Resolver [Test worker] resolving 'com.toyioc.concreteClass.withDefaultConstructor' 
2015-12-22 00:00:19,070 INFO c.t.Resolver [Test worker] resolving 'com.toyioc.concreteClass.withDefaultConstructor' 
2015-12-22 00:00:19,071 INFO c.t.Resolver [Test worker] resolved 'com.toyioc.concreteClass.withMultipleConcreteConstructorArgs' using 'public com.toyioc.concreteClass.withMultipleConcreteConstructorArgs(com.toyioc.concreteClass.withDefaultConstructor,com.toyioc.concreteClass.withDefaultConstructor,com.toyioc.concreteClass.withDefaultConstructor)' 
2015-12-22 00:00:19,072 INFO c.t.Resolver [Test worker] resolving 'com.toyioc.concreteClass.withDefaultConstructor' 
2015-12-22 00:01:29,771 INFO SimpleLoggingTest [main] Hello World 
2015-12-22 00:01:29,779 INFO c.t.Resolver [main] resolving 'com.toyioc.concreteClass.withOneConcreteConstructorArg' 
2015-12-22 00:01:29,782 INFO c.t.Resolver [main] no default constructor 
2015-12-22 00:01:29,783 INFO c.t.Resolver [main] resolving 'com.toyioc.concreteClass.withDefaultConstructor' 
2015-12-22 00:01:29,783 INFO c.t.Resolver [main] resolved 'com.toyioc.concreteClass.withOneConcreteConstructorArg' using 'public com.toyioc.concreteClass.withOneConcreteConstructorArg(com.toyioc.concreteClass.withDefaultConstructor)' 
2015-12-22 00:01:29,788 INFO c.t.Resolver [main] resolving 'com.toyioc.concreteClass.withMultipleConcreteConstructorArgs' 
2015-12-22 00:01:29,788 INFO c.t.Resolver [main] no default constructor 
2015-12-22 00:01:29,788 INFO c.t.Resolver [main] resolving 'com.toyioc.concreteClass.withDefaultConstructor' 
2015-12-22 00:01:29,788 INFO c.t.Resolver [main] resolving 'com.toyioc.concreteClass.withDefaultConstructor' 
2015-12-22 00:01:29,789 INFO c.t.Resolver [main] resolving 'com.toyioc.concreteClass.withDefaultConstructor' 
2015-12-22 00:01:29,790 INFO c.t.Resolver [main] resolved 'com.toyioc.concreteClass.withMultipleConcreteConstructorArgs' using 'public com.toyioc.concreteClass.withMultipleConcreteConstructorArgs(com.toyioc.concreteClass.withDefaultConstructor,com.toyioc.concreteClass.withDefaultConstructor,com.toyioc.concreteClass.withDefaultConstructor)' 
2015-12-22 00:01:29,792 INFO c.t.Resolver [main] resolving 'com.toyioc.concreteClass.withDefaultConstructor' 
